[3/19/2015, 2:17:38 AM] error in query train K7714, url: https://kyfw.12306.cn/otn/queryTrainInfo/query?leftTicketDTO.train_no=26000K77140A&leftTicketDTO.train_date=2015-04-01&rand_code=2c9h
[3/19/2015, 2:18:04 AM] error in query train K9398, url: https://kyfw.12306.cn/otn/queryTrainInfo/query?leftTicketDTO.train_no=76000K939804&leftTicketDTO.train_date=2015-04-01&rand_code=2c9h
[3/19/2015, 2:18:07 AM] error in query train K898, url: https://kyfw.12306.cn/otn/queryTrainInfo/query?leftTicketDTO.train_no=160000K89500&leftTicketDTO.train_date=2015-04-01&rand_code=2c9h
[3/19/2015, 2:18:09 AM] error in query train K7391, url: https://kyfw.12306.cn/otn/queryTrainInfo/query?leftTicketDTO.train_no=19000K73940C&leftTicketDTO.train_date=2015-04-01&rand_code=2c9h
[3/19/2015, 2:18:12 AM] error in query train K9583, url: https://kyfw.12306.cn/otn/queryTrainInfo/query?leftTicketDTO.train_no=78000K958309&leftTicketDTO.train_date=2015-04-01&rand_code=2c9h
[3/19/2015, 2:18:12 AM] error in query train K9587, url: https://kyfw.12306.cn/otn/queryTrainInfo/query?leftTicketDTO.train_no=78000K958705&leftTicketDTO.train_date=2015-04-01&rand_code=2c9h
[3/19/2015, 2:18:39 AM] error in query train K898, url: https://kyfw.12306.cn/otn/queryTrainInfo/query?leftTicketDTO.train_no=160000K89500&leftTicketDTO.train_date=2015-04-01&rand_code=2c9h
[3/19/2015, 2:18:40 AM] error in query train K1288, url: https://kyfw.12306.cn/otn/queryTrainInfo/query?leftTicketDTO.train_no=87000K128513&leftTicketDTO.train_date=2015-04-01&rand_code=2c9h
[3/19/2015, 2:18:40 AM] error in query train Z278, url: https://kyfw.12306.cn/otn/queryTrainInfo/query?leftTicketDTO.train_no=870000Z27510&leftTicketDTO.train_date=2015-04-01&rand_code=2c9h
[3/19/2015, 2:18:40 AM] error in query train K1512, url: https://kyfw.12306.cn/otn/queryTrainInfo/query?leftTicketDTO.train_no=87000K150900&leftTicketDTO.train_date=2015-04-01&rand_code=2c9h
[3/19/2015, 2:18:40 AM] error in query train K1511, url: https://kyfw.12306.cn/otn/queryTrainInfo/query?leftTicketDTO.train_no=41000K151001&leftTicketDTO.train_date=2015-04-01&rand_code=2c9h
[3/19/2015, 2:18:40 AM] error in query train 7533, url: https://kyfw.12306.cn/otn/queryTrainInfo/query?leftTicketDTO.train_no=870000753200&leftTicketDTO.train_date=2015-04-01&rand_code=2c9h
[3/19/2015, 2:19:29 AM] error in query train K7714, url: https://kyfw.12306.cn/otn/queryTrainInfo/query?leftTicketDTO.train_no=26000K77140A&leftTicketDTO.train_date=2015-04-01&rand_code=2c9h
[3/19/2015, 2:19:56 AM] error in query train K9414, url: https://kyfw.12306.cn/otn/queryTrainInfo/query?leftTicketDTO.train_no=77000K941401&leftTicketDTO.train_date=2015-04-01&rand_code=2c9h
[3/19/2015, 2:19:56 AM] error in query train K9418, url: https://kyfw.12306.cn/otn/queryTrainInfo/query?leftTicketDTO.train_no=77000K941800&leftTicketDTO.train_date=2015-04-01&rand_code=2c9h
[3/19/2015, 2:19:56 AM] error in query train K9422, url: https://kyfw.12306.cn/otn/queryTrainInfo/query?leftTicketDTO.train_no=77000K942203&leftTicketDTO.train_date=2015-04-01&rand_code=2c9h
[3/19/2015, 2:19:56 AM] error in query train K9413, url: https://kyfw.12306.cn/otn/queryTrainInfo/query?leftTicketDTO.train_no=77000K941201&leftTicketDTO.train_date=2015-04-01&rand_code=2c9h
[3/19/2015, 2:19:57 AM] error in query train K9417, url: https://kyfw.12306.cn/otn/queryTrainInfo/query?leftTicketDTO.train_no=77000K941600&leftTicketDTO.train_date=2015-04-01&rand_code=2c9h
[3/19/2015, 2:19:57 AM] error in query train K9421, url: https://kyfw.12306.cn/otn/queryTrainInfo/query?leftTicketDTO.train_no=77000K942000&leftTicketDTO.train_date=2015-04-01&rand_code=2c9h
[3/19/2015, 2:19:57 AM] error in query train K7714, url: https://kyfw.12306.cn/otn/queryTrainInfo/query?leftTicketDTO.train_no=26000K77140A&leftTicketDTO.train_date=2015-04-01&rand_code=2c9h
[3/19/2015, 2:20:02 AM] error in query train T287, url: https://kyfw.12306.cn/otn/queryTrainInfo/query?leftTicketDTO.train_no=710000T29004&leftTicketDTO.train_date=2015-04-01&rand_code=2c9h
[3/19/2015, 2:20:03 AM] error in query train T79, url: https://kyfw.12306.cn/otn/queryTrainInfo/query?leftTicketDTO.train_no=7100000T8205&leftTicketDTO.train_date=2015-04-01&rand_code=2c9h
[3/19/2015, 2:20:15 AM] error in query train 4367, url: https://kyfw.12306.cn/otn/queryTrainInfo/query?leftTicketDTO.train_no=160000437002&leftTicketDTO.train_date=2015-04-01&rand_code=2c9h
[3/19/2015, 2:20:15 AM] error in query train 2687, url: https://kyfw.12306.cn/otn/queryTrainInfo/query?leftTicketDTO.train_no=120000268608&leftTicketDTO.train_date=2015-04-01&rand_code=2c9h
[3/19/2015, 2:20:15 AM] error in query train 4371, url: https://kyfw.12306.cn/otn/queryTrainInfo/query?leftTicketDTO.train_no=160000437401&leftTicketDTO.train_date=2015-04-01&rand_code=2c9h
[3/19/2015, 2:20:23 AM] error in query train K7714, url: https://kyfw.12306.cn/otn/queryTrainInfo/query?leftTicketDTO.train_no=26000K77140A&leftTicketDTO.train_date=2015-04-01&rand_code=2c9h
[3/19/2015, 2:20:24 AM] error in query train K1014, url: https://kyfw.12306.cn/otn/queryTrainInfo/query?leftTicketDTO.train_no=26000K10140G&leftTicketDTO.train_date=2015-04-01&rand_code=2c9h
[3/19/2015, 2:20:27 AM] error in query train T8347, url: https://kyfw.12306.cn/otn/queryTrainInfo/query?leftTicketDTO.train_no=66000T834710&leftTicketDTO.train_date=2015-04-01&rand_code=2c9h
[3/19/2015, 2:20:37 AM] error in query train K709, url: https://kyfw.12306.cn/otn/queryTrainInfo/query?leftTicketDTO.train_no=330000K7120F&leftTicketDTO.train_date=2015-04-01&rand_code=2c9h
[3/19/2015, 2:23:19 AM] error in query train K7714, url: https://kyfw.12306.cn/otn/queryTrainInfo/query?leftTicketDTO.train_no=26000K77140A&leftTicketDTO.train_date=2015-04-01&rand_code=sbrs
[3/19/2015, 2:23:31 AM] error in query train K898, url: https://kyfw.12306.cn/otn/queryTrainInfo/query?leftTicketDTO.train_no=160000K89500&leftTicketDTO.train_date=2015-04-01&rand_code=sbrs
[3/19/2015, 2:23:44 AM] error in query train K898, url: https://kyfw.12306.cn/otn/queryTrainInfo/query?leftTicketDTO.train_no=160000K89500&leftTicketDTO.train_date=2015-04-01&rand_code=sbrs
[3/19/2015, 2:24:04 AM] error in query train K7714, url: https://kyfw.12306.cn/otn/queryTrainInfo/query?leftTicketDTO.train_no=26000K77140A&leftTicketDTO.train_date=2015-04-01&rand_code=sbrs
[3/19/2015, 2:24:57 AM] error in query train K898, url: https://kyfw.12306.cn/otn/queryTrainInfo/query?leftTicketDTO.train_no=160000K89500&leftTicketDTO.train_date=2015-04-01&rand_code=sbrs
[3/19/2015, 2:25:09 AM] error in query train K898, url: https://kyfw.12306.cn/otn/queryTrainInfo/query?leftTicketDTO.train_no=160000K89500&leftTicketDTO.train_date=2015-04-01&rand_code=sbrs
[3/19/2015, 2:25:13 AM] error in query train K898, url: https://kyfw.12306.cn/otn/queryTrainInfo/query?leftTicketDTO.train_no=160000K89500&leftTicketDTO.train_date=2015-04-01&rand_code=sbrs
[3/19/2015, 2:25:31 AM] error in query train K898, url: https://kyfw.12306.cn/otn/queryTrainInfo/query?leftTicketDTO.train_no=160000K89500&leftTicketDTO.train_date=2015-04-01&rand_code=sbrs
[3/21/2015, 1:08:36 PM] [getTrain] error in query train K9778, url: https://kyfw.12306.cn/otn/queryTrainInfo/query?leftTicketDTO.train_no=94000K977811&leftTicketDTO.train_date=2015-04-01&rand_code=7peq
[3/21/2015, 5:31:41 PM] [getTrain] error in query train K9803, url: https://kyfw.12306.cn/otn/queryTrainInfo/query?leftTicketDTO.train_no=88000K980300&leftTicketDTO.train_date=2015-04-01&rand_code=utz7
[3/21/2015, 5:31:50 PM] [getTrain] error in query train G7341, url: https://kyfw.12306.cn/otn/queryTrainInfo/query?leftTicketDTO.train_no=5l000G734161&leftTicketDTO.train_date=2015-04-01&rand_code=utz7
[3/21/2015, 5:31:55 PM] [getTrain] error in query train D5601, url: https://kyfw.12306.cn/otn/queryTrainInfo/query?leftTicketDTO.train_no=5l000D560110&leftTicketDTO.train_date=2015-04-01&rand_code=utz7
[3/21/2015, 5:31:55 PM] [getTrain] error in query train G7341, url: https://kyfw.12306.cn/otn/queryTrainInfo/query?leftTicketDTO.train_no=5l000G734161&leftTicketDTO.train_date=2015-04-01&rand_code=utz7
[3/21/2015, 5:31:55 PM] [getTrain] error in query train D5601, url: https://kyfw.12306.cn/otn/queryTrainInfo/query?leftTicketDTO.train_no=5l000D560110&leftTicketDTO.train_date=2015-04-01&rand_code=utz7
[3/21/2015, 5:31:55 PM] [getTrain] error in query train G7341, url: https://kyfw.12306.cn/otn/queryTrainInfo/query?leftTicketDTO.train_no=5l000G734161&leftTicketDTO.train_date=2015-04-01&rand_code=utz7
[3/21/2015, 5:32:03 PM] [getTrain] error in query train K9823, url: https://kyfw.12306.cn/otn/queryTrainInfo/query?leftTicketDTO.train_no=80000K982200&leftTicketDTO.train_date=2015-04-01&rand_code=utz7
[3/21/2015, 5:32:03 PM] [getTrain] error in query train K9827, url: https://kyfw.12306.cn/otn/queryTrainInfo/query?leftTicketDTO.train_no=80000K982600&leftTicketDTO.train_date=2015-04-01&rand_code=utz7
[3/21/2015, 5:32:03 PM] [getTrain] error in query train K9813, url: https://kyfw.12306.cn/otn/queryTrainInfo/query?leftTicketDTO.train_no=80000K981202&leftTicketDTO.train_date=2015-04-01&rand_code=utz7
[3/21/2015, 5:32:03 PM] [getTrain] error in query train K9817, url: https://kyfw.12306.cn/otn/queryTrainInfo/query?leftTicketDTO.train_no=80000K981610&leftTicketDTO.train_date=2015-04-01&rand_code=utz7
[3/21/2015, 5:32:03 PM] [getTrain] error in query train K9833, url: https://kyfw.12306.cn/otn/queryTrainInfo/query?leftTicketDTO.train_no=80000K983200&leftTicketDTO.train_date=2015-04-01&rand_code=utz7
[3/21/2015, 5:32:03 PM] [getTrain] error in query train K9814, url: https://kyfw.12306.cn/otn/queryTrainInfo/query?leftTicketDTO.train_no=84000K981402&leftTicketDTO.train_date=2015-04-01&rand_code=utz7
[3/21/2015, 5:32:03 PM] [getTrain] error in query train K9690, url: https://kyfw.12306.cn/otn/queryTrainInfo/query?leftTicketDTO.train_no=84000K969001&leftTicketDTO.train_date=2015-04-01&rand_code=utz7
[3/21/2015, 5:32:03 PM] [getTrain] error in query train K9818, url: https://kyfw.12306.cn/otn/queryTrainInfo/query?leftTicketDTO.train_no=84000K981810&leftTicketDTO.train_date=2015-04-01&rand_code=utz7
[3/21/2015, 5:32:03 PM] [getTrain] error in query train K9828, url: https://kyfw.12306.cn/otn/queryTrainInfo/query?leftTicketDTO.train_no=84000K982800&leftTicketDTO.train_date=2015-04-01&rand_code=utz7
[3/21/2015, 5:32:04 PM] [getTrain] error in query train K142, url: https://kyfw.12306.cn/otn/queryTrainInfo/query?leftTicketDTO.train_no=710000K14206&leftTicketDTO.train_date=2015-04-01&rand_code=utz7
[3/21/2015, 5:32:05 PM] [getTrain] error in query train K8304, url: https://kyfw.12306.cn/otn/queryTrainInfo/query?leftTicketDTO.train_no=47000K830400&leftTicketDTO.train_date=2015-04-01&rand_code=utz7
[3/21/2015, 5:32:05 PM] [getTrain] error in query train K8308, url: https://kyfw.12306.cn/otn/queryTrainInfo/query?leftTicketDTO.train_no=47000K830800&leftTicketDTO.train_date=2015-04-01&rand_code=utz7
[3/21/2015, 5:32:05 PM] [getTrain] error in query train K8307, url: https://kyfw.12306.cn/otn/queryTrainInfo/query?leftTicketDTO.train_no=47000K830600&leftTicketDTO.train_date=2015-04-01&rand_code=utz7
[3/21/2015, 5:32:05 PM] [getTrain] error in query train K8303, url: https://kyfw.12306.cn/otn/queryTrainInfo/query?leftTicketDTO.train_no=47000K830200&leftTicketDTO.train_date=2015-04-01&rand_code=utz7
[3/21/2015, 5:32:06 PM] [getTrain] error in query train G9002, url: https://kyfw.12306.cn/otn/queryTrainInfo/query?leftTicketDTO.train_no=2d000G900202&leftTicketDTO.train_date=2015-04-01&rand_code=utz7
[3/21/2015, 5:32:06 PM] [getTrain] error in query train G9001, url: https://kyfw.12306.cn/otn/queryTrainInfo/query?leftTicketDTO.train_no=24000G900102&leftTicketDTO.train_date=2015-04-01&rand_code=utz7
[3/21/2015, 5:32:07 PM] [getTrain] error in query train G9002, url: https://kyfw.12306.cn/otn/queryTrainInfo/query?leftTicketDTO.train_no=2d000G900202&leftTicketDTO.train_date=2015-04-01&rand_code=utz7
[3/21/2015, 5:32:07 PM] [getTrain] error in query train G9001, url: https://kyfw.12306.cn/otn/queryTrainInfo/query?leftTicketDTO.train_no=24000G900102&leftTicketDTO.train_date=2015-04-01&rand_code=utz7
[3/21/2015, 5:32:15 PM] [getTrain] error in query train K975, url: https://kyfw.12306.cn/otn/queryTrainInfo/query?leftTicketDTO.train_no=390000K97406&leftTicketDTO.train_date=2015-04-01&rand_code=utz7
[3/21/2015, 5:32:15 PM] [getTrain] error in query train K49, url: https://kyfw.12306.cn/otn/queryTrainInfo/query?leftTicketDTO.train_no=5600000K4802&leftTicketDTO.train_date=2015-04-01&rand_code=utz7
[3/21/2015, 5:32:21 PM] [getTrain] error in query train K142, url: https://kyfw.12306.cn/otn/queryTrainInfo/query?leftTicketDTO.train_no=710000K14206&leftTicketDTO.train_date=2015-04-01&rand_code=utz7
[3/21/2015, 5:32:21 PM] [getTrain] error in query train K9331, url: https://kyfw.12306.cn/otn/queryTrainInfo/query?leftTicketDTO.train_no=71000K933402&leftTicketDTO.train_date=2015-04-01&rand_code=utz7
[3/21/2015, 5:32:21 PM] [getTrain] error in query train K9325, url: https://kyfw.12306.cn/otn/queryTrainInfo/query?leftTicketDTO.train_no=71000K932801&leftTicketDTO.train_date=2015-04-01&rand_code=utz7
[3/21/2015, 5:32:21 PM] [getTrain] error in query train K9311, url: https://kyfw.12306.cn/otn/queryTrainInfo/query?leftTicketDTO.train_no=71000K931408&leftTicketDTO.train_date=2015-04-01&rand_code=utz7
[3/21/2015, 5:32:21 PM] [getTrain] error in query train K983, url: https://kyfw.12306.cn/otn/queryTrainInfo/query?leftTicketDTO.train_no=710000K98203&leftTicketDTO.train_date=2015-04-01&rand_code=utz7
[3/21/2015, 5:32:23 PM] [getTrain] error in query train 7534, url: https://kyfw.12306.cn/otn/queryTrainInfo/query?leftTicketDTO.train_no=870000753100&leftTicketDTO.train_date=2015-04-01&rand_code=utz7
[3/21/2015, 5:32:24 PM] [getTrain] error in query train D6604, url: https://kyfw.12306.cn/otn/queryTrainInfo/query?leftTicketDTO.train_no=25000D660400&leftTicketDTO.train_date=2015-04-01&rand_code=utz7
[3/21/2015, 5:32:45 PM] [getTrain] error in query train 7523, url: https://kyfw.12306.cn/otn/queryTrainInfo/query?leftTicketDTO.train_no=870000752601&leftTicketDTO.train_date=2015-04-01&rand_code=utz7
[3/21/2015, 5:32:46 PM] [getTrain] error in query train 4617, url: https://kyfw.12306.cn/otn/queryTrainInfo/query?leftTicketDTO.train_no=270000461610&leftTicketDTO.train_date=2015-04-01&rand_code=utz7
[3/21/2015, 5:32:50 PM] [getTrain] error in query train 6955, url: https://kyfw.12306.cn/otn/queryTrainInfo/query?leftTicketDTO.train_no=010000695502&leftTicketDTO.train_date=2015-04-01&rand_code=utz7
[3/21/2015, 5:32:51 PM] [getTrain] error in query train 6954, url: https://kyfw.12306.cn/otn/queryTrainInfo/query?leftTicketDTO.train_no=010000695302&leftTicketDTO.train_date=2015-04-01&rand_code=utz7
[3/21/2015, 5:32:51 PM] [getTrain] error in query train K983, url: https://kyfw.12306.cn/otn/queryTrainInfo/query?leftTicketDTO.train_no=710000K98203&leftTicketDTO.train_date=2015-04-01&rand_code=utz7
[3/21/2015, 5:32:59 PM] [getTrain] error in query train 5017, url: https://kyfw.12306.cn/otn/queryTrainInfo/query?leftTicketDTO.train_no=47000050200E&leftTicketDTO.train_date=2015-04-01&rand_code=utz7
[3/21/2015, 5:33:00 PM] [getTrain] error in query train 5017, url: https://kyfw.12306.cn/otn/queryTrainInfo/query?leftTicketDTO.train_no=47000050200E&leftTicketDTO.train_date=2015-04-01&rand_code=utz7
[3/21/2015, 5:33:00 PM] [getTrain] error in query train D6604, url: https://kyfw.12306.cn/otn/queryTrainInfo/query?leftTicketDTO.train_no=25000D660400&leftTicketDTO.train_date=2015-04-01&rand_code=utz7
[3/21/2015, 5:33:00 PM] [getTrain] error in query train Z1, url: https://kyfw.12306.cn/otn/queryTrainInfo/query?leftTicketDTO.train_no=24000000Z109&leftTicketDTO.train_date=2015-04-01&rand_code=utz7
[3/21/2015, 5:33:01 PM] [getTrain] error in query train K681, url: https://kyfw.12306.cn/otn/queryTrainInfo/query?leftTicketDTO.train_no=240000K6810M&leftTicketDTO.train_date=2015-04-01&rand_code=utz7
[3/21/2015, 5:33:02 PM] [getTrain] error in query train K485, url: https://kyfw.12306.cn/otn/queryTrainInfo/query?leftTicketDTO.train_no=760000K48807&leftTicketDTO.train_date=2015-04-01&rand_code=utz7
[3/21/2015, 5:33:05 PM] [getTrain] error in query train K1295, url: https://kyfw.12306.cn/otn/queryTrainInfo/query?leftTicketDTO.train_no=87000K129541&leftTicketDTO.train_date=2015-04-01&rand_code=utz7
[3/21/2015, 5:33:05 PM] [getTrain] error in query train K1307, url: https://kyfw.12306.cn/otn/queryTrainInfo/query?leftTicketDTO.train_no=87000K130700&leftTicketDTO.train_date=2015-04-01&rand_code=utz7
[3/21/2015, 5:33:11 PM] [getTrain] error in query train D8251, url: https://kyfw.12306.cn/otn/queryTrainInfo/query?leftTicketDTO.train_no=71000D825104&leftTicketDTO.train_date=2015-04-01&rand_code=utz7
[3/21/2015, 5:33:11 PM] [getTrain] error in query train D8257, url: https://kyfw.12306.cn/otn/queryTrainInfo/query?leftTicketDTO.train_no=71000D825703&leftTicketDTO.train_date=2015-04-01&rand_code=utz7
[3/21/2015, 5:33:11 PM] [getTrain] error in query train D8301, url: https://kyfw.12306.cn/otn/queryTrainInfo/query?leftTicketDTO.train_no=71000D830100&leftTicketDTO.train_date=2015-04-01&rand_code=utz7
[3/21/2015, 5:33:11 PM] [getTrain] error in query train D8251, url: https://kyfw.12306.cn/otn/queryTrainInfo/query?leftTicketDTO.train_no=71000D825104&leftTicketDTO.train_date=2015-04-01&rand_code=utz7
[3/21/2015, 5:33:11 PM] [getTrain] error in query train D8284, url: https://kyfw.12306.cn/otn/queryTrainInfo/query?leftTicketDTO.train_no=73000D828400&leftTicketDTO.train_date=2015-04-01&rand_code=utz7
[3/21/2015, 5:33:11 PM] [getTrain] error in query train D8304, url: https://kyfw.12306.cn/otn/queryTrainInfo/query?leftTicketDTO.train_no=73000D830400&leftTicketDTO.train_date=2015-04-01&rand_code=utz7
[3/21/2015, 5:33:11 PM] [getTrain] error in query train D8257, url: https://kyfw.12306.cn/otn/queryTrainInfo/query?leftTicketDTO.train_no=71000D825703&leftTicketDTO.train_date=2015-04-01&rand_code=utz7
[3/21/2015, 5:33:11 PM] [getTrain] error in query train D8301, url: https://kyfw.12306.cn/otn/queryTrainInfo/query?leftTicketDTO.train_no=71000D830100&leftTicketDTO.train_date=2015-04-01&rand_code=utz7
[3/21/2015, 5:33:11 PM] [getTrain] error in query train T8712, url: https://kyfw.12306.cn/otn/queryTrainInfo/query?leftTicketDTO.train_no=73000T871202&leftTicketDTO.train_date=2015-04-01&rand_code=utz7
[3/21/2015, 5:33:11 PM] [getTrain] error in query train T8716, url: https://kyfw.12306.cn/otn/queryTrainInfo/query?leftTicketDTO.train_no=73000T871602&leftTicketDTO.train_date=2015-04-01&rand_code=utz7
[3/21/2015, 5:33:11 PM] [getTrain] error in query train D8284, url: https://kyfw.12306.cn/otn/queryTrainInfo/query?leftTicketDTO.train_no=73000D828400&leftTicketDTO.train_date=2015-04-01&rand_code=utz7
[3/21/2015, 5:33:11 PM] [getTrain] error in query train D8304, url: https://kyfw.12306.cn/otn/queryTrainInfo/query?leftTicketDTO.train_no=73000D830400&leftTicketDTO.train_date=2015-04-01&rand_code=utz7
[3/21/2015, 5:33:11 PM] [getTrain] error in query train T8711, url: https://kyfw.12306.cn/otn/queryTrainInfo/query?leftTicketDTO.train_no=73000T871402&leftTicketDTO.train_date=2015-04-01&rand_code=utz7
[3/21/2015, 5:33:11 PM] [getTrain] error in query train T8712, url: https://kyfw.12306.cn/otn/queryTrainInfo/query?leftTicketDTO.train_no=73000T871202&leftTicketDTO.train_date=2015-04-01&rand_code=utz7
[3/21/2015, 5:33:11 PM] [getTrain] error in query train T8715, url: https://kyfw.12306.cn/otn/queryTrainInfo/query?leftTicketDTO.train_no=73000T871802&leftTicketDTO.train_date=2015-04-01&rand_code=utz7
[3/21/2015, 5:33:11 PM] [getTrain] error in query train T8716, url: https://kyfw.12306.cn/otn/queryTrainInfo/query?leftTicketDTO.train_no=73000T871602&leftTicketDTO.train_date=2015-04-01&rand_code=utz7
[3/21/2015, 5:33:11 PM] [getTrain] error in query train D3633, url: https://kyfw.12306.cn/otn/queryTrainInfo/query?leftTicketDTO.train_no=6c000D363201&leftTicketDTO.train_date=2015-04-01&rand_code=utz7
[3/21/2015, 5:33:11 PM] [getTrain] error in query train T8711, url: https://kyfw.12306.cn/otn/queryTrainInfo/query?leftTicketDTO.train_no=73000T871402&leftTicketDTO.train_date=2015-04-01&rand_code=utz7
[3/21/2015, 5:33:11 PM] [getTrain] error in query train D3637, url: https://kyfw.12306.cn/otn/queryTrainInfo/query?leftTicketDTO.train_no=6c000D363600&leftTicketDTO.train_date=2015-04-01&rand_code=utz7
[3/21/2015, 5:33:12 PM] [getTrain] error in query train D8283, url: https://kyfw.12306.cn/otn/queryTrainInfo/query?leftTicketDTO.train_no=71000D828200&leftTicketDTO.train_date=2015-04-01&rand_code=utz7
[3/21/2015, 5:33:12 PM] [getTrain] error in query train T8715, url: https://kyfw.12306.cn/otn/queryTrainInfo/query?leftTicketDTO.train_no=73000T871802&leftTicketDTO.train_date=2015-04-01&rand_code=utz7
[3/21/2015, 5:33:12 PM] [getTrain] error in query train D3647, url: https://kyfw.12306.cn/otn/queryTrainInfo/query?leftTicketDTO.train_no=6c000D364600&leftTicketDTO.train_date=2015-04-01&rand_code=utz7
[3/21/2015, 5:33:12 PM] [getTrain] error in query train D3633, url: https://kyfw.12306.cn/otn/queryTrainInfo/query?leftTicketDTO.train_no=6c000D363201&leftTicketDTO.train_date=2015-04-01&rand_code=utz7
[3/21/2015, 5:33:12 PM] [getTrain] error in query train D3641, url: https://kyfw.12306.cn/otn/queryTrainInfo/query?leftTicketDTO.train_no=6c000D364002&leftTicketDTO.train_date=2015-04-01&rand_code=utz7
[3/21/2015, 5:33:12 PM] [getTrain] error in query train D3637, url: https://kyfw.12306.cn/otn/queryTrainInfo/query?leftTicketDTO.train_no=6c000D363600&leftTicketDTO.train_date=2015-04-01&rand_code=utz7
[3/21/2015, 5:33:12 PM] [getTrain] error in query train D8283, url: https://kyfw.12306.cn/otn/queryTrainInfo/query?leftTicketDTO.train_no=71000D828200&leftTicketDTO.train_date=2015-04-01&rand_code=utz7
[3/21/2015, 5:33:12 PM] [getTrain] error in query train D3647, url: https://kyfw.12306.cn/otn/queryTrainInfo/query?leftTicketDTO.train_no=6c000D364600&leftTicketDTO.train_date=2015-04-01&rand_code=utz7
[3/21/2015, 5:33:12 PM] [getTrain] error in query train D3641, url: https://kyfw.12306.cn/otn/queryTrainInfo/query?leftTicketDTO.train_no=6c000D364002&leftTicketDTO.train_date=2015-04-01&rand_code=utz7
[3/21/2015, 5:34:04 PM] [getTrain] error in query train T8711, url: https://kyfw.12306.cn/otn/queryTrainInfo/query?leftTicketDTO.train_no=73000T871402&leftTicketDTO.train_date=2015-04-01&rand_code=bndq
[3/21/2015, 5:58:51 PM] [getTrain] error in query train K1619, url: https://kyfw.12306.cn/otn/queryTrainInfo/query?leftTicketDTO.train_no=25000K16220Q&leftTicketDTO.train_date=2015-04-01&rand_code=nean
[3/21/2015, 5:58:51 PM] [getTrain] error in query train Z385, url: https://kyfw.12306.cn/otn/queryTrainInfo/query?leftTicketDTO.train_no=110000Z38400&leftTicketDTO.train_date=2015-04-01&rand_code=nean
[3/21/2015, 5:58:51 PM] [getTrain] error in query train T181, url: https://kyfw.12306.cn/otn/queryTrainInfo/query?leftTicketDTO.train_no=010000T18405&leftTicketDTO.train_date=2015-04-01&rand_code=nean
[3/21/2015, 6:00:06 PM] [getTrain] error in query train C6185, url: https://kyfw.12306.cn/otn/queryTrainInfo/query?leftTicketDTO.train_no=76000C618500&leftTicketDTO.train_date=2015-04-01&rand_code=nean
[3/21/2015, 6:00:06 PM] [getTrain] error in query train C6158, url: https://kyfw.12306.cn/otn/queryTrainInfo/query?leftTicketDTO.train_no=76000C615810&leftTicketDTO.train_date=2015-04-01&rand_code=nean
[3/21/2015, 6:00:40 PM] [getTrain] error in query train 2149, url: https://kyfw.12306.cn/otn/queryTrainInfo/query?leftTicketDTO.train_no=470000215204&leftTicketDTO.train_date=2015-04-01&rand_code=nean
[3/21/2015, 6:00:41 PM] [getTrain] error in query train K1003, url: https://kyfw.12306.cn/otn/queryTrainInfo/query?leftTicketDTO.train_no=41000K10020D&leftTicketDTO.train_date=2015-04-01&rand_code=nean
[3/21/2015, 6:00:49 PM] [getTrain] error in query train 5219, url: https://kyfw.12306.cn/otn/queryTrainInfo/query?leftTicketDTO.train_no=580000521901&leftTicketDTO.train_date=2015-04-01&rand_code=nean
[3/21/2015, 6:00:49 PM] [getTrain] error in query train 5220, url: https://kyfw.12306.cn/otn/queryTrainInfo/query?leftTicketDTO.train_no=57000052170B&leftTicketDTO.train_date=2015-04-01&rand_code=nean
[3/21/2015, 6:00:59 PM] [getTrain] error in query train D7111, url: https://kyfw.12306.cn/otn/queryTrainInfo/query?leftTicketDTO.train_no=6j000D711100&leftTicketDTO.train_date=2015-04-01&rand_code=nean
[3/21/2015, 6:00:59 PM] [getTrain] error in query train D7111, url: https://kyfw.12306.cn/otn/queryTrainInfo/query?leftTicketDTO.train_no=6j000D711100&leftTicketDTO.train_date=2015-04-01&rand_code=nean
[3/21/2015, 6:01:02 PM] [getTrain] error in query train T8714, url: https://kyfw.12306.cn/otn/queryTrainInfo/query?leftTicketDTO.train_no=73000T871402&leftTicketDTO.train_date=2015-04-01&rand_code=nean
[3/21/2015, 6:01:02 PM] [getTrain] error in query train T8718, url: https://kyfw.12306.cn/otn/queryTrainInfo/query?leftTicketDTO.train_no=73000T871802&leftTicketDTO.train_date=2015-04-01&rand_code=nean
[3/21/2015, 6:01:02 PM] [getTrain] error in query train D8291, url: https://kyfw.12306.cn/otn/queryTrainInfo/query?leftTicketDTO.train_no=71000D829110&leftTicketDTO.train_date=2015-04-01&rand_code=nean
[3/21/2015, 6:01:02 PM] [getTrain] error in query train T8713, url: https://kyfw.12306.cn/otn/queryTrainInfo/query?leftTicketDTO.train_no=73000T871202&leftTicketDTO.train_date=2015-04-01&rand_code=nean
[3/21/2015, 6:01:02 PM] [getTrain] error in query train T8717, url: https://kyfw.12306.cn/otn/queryTrainInfo/query?leftTicketDTO.train_no=73000T871602&leftTicketDTO.train_date=2015-04-01&rand_code=nean
[3/21/2015, 6:05:16 PM] [getTrain] error in query train T8714, url: https://kyfw.12306.cn/otn/queryTrainInfo/query?leftTicketDTO.train_no=73000T871402&leftTicketDTO.train_date=2015-04-01&rand_code=ue98
[3/21/2015, 6:12:30 PM] [getTrain] error in query train T8714, url: https://kyfw.12306.cn/otn/queryTrainInfo/query?leftTicketDTO.train_no=73000T871402&leftTicketDTO.train_date=2015-04-01&rand_code=u2au
