[3/20/2015, 10:00:56 PM] [main] ticket data error from NKH to JBH
[3/20/2015, 10:00:56 PM] [main] ticket data error from NKH to JBH
[3/20/2015, 10:00:56 PM] [main] ticket data error from VNP to VZH
[3/20/2015, 10:00:56 PM] [main] ticket data error from VZH to JBH
[3/20/2015, 10:00:57 PM] [main] ticket data error from NKH to JBH
[3/20/2015, 10:00:57 PM] [main] ticket data error from JGK to JBH
[3/20/2015, 10:00:57 PM] [main] ticket data error from NKH to JBH
[3/20/2015, 10:00:57 PM] [main] ticket data error from VNP to AOH
[3/20/2015, 10:00:57 PM] [main] ticket data error from DIP to JBH
[3/20/2015, 10:00:57 PM] [main] ticket data error from JGK to JBH
[3/20/2015, 10:00:57 PM] [main] ticket data error from NKH to JBH
[3/20/2015, 10:00:58 PM] [main] ticket data error from JGK to JBH
[3/20/2015, 10:00:58 PM] [main] ticket data error from NKH to JBH
[3/20/2015, 10:00:58 PM] [main] ticket data error from VNP to AOH
[3/20/2015, 10:00:58 PM] [main] ticket data error from NKH to JBH
[3/20/2015, 10:00:58 PM] [main] ticket data error from VNP to AOH
[3/20/2015, 10:00:58 PM] [main] ticket data error from DIP to JBH
[3/20/2015, 10:00:59 PM] [main] ticket data error from TIP to JBH
[3/20/2015, 10:01:02 PM] [main] ticket data error from JGK to JBH
[3/20/2015, 10:01:02 PM] [main] ticket data error from JGK to JBH
[3/20/2015, 10:01:02 PM] [main] ticket data error from VNP to AOH
[3/20/2015, 10:01:02 PM] [main] ticket data error from DIP to JBH
[3/20/2015, 10:01:02 PM] [main] ticket data error from VNP to LJP
[3/20/2015, 10:01:02 PM] [main] ticket data error from LJP to JBH
[3/20/2015, 10:01:02 PM] [main] ticket data error from NKH to JBH
[3/20/2015, 10:01:03 PM] [main] ticket data error from JGK to JBH
[3/20/2015, 10:01:03 PM] [main] ticket data error from CBP to JBH
[3/20/2015, 10:01:03 PM] [main] ticket data error from VNP to AOH
[3/20/2015, 10:01:03 PM] [main] ticket data error from VNP to AOH
[3/20/2015, 10:01:03 PM] [main] ticket data error from VNP to YUH
[3/20/2015, 10:01:03 PM] [main] ticket data error from YUH to JBH
[3/20/2015, 10:01:03 PM] [main] ticket data error from NKH to JBH
[3/20/2015, 10:01:03 PM] [main] ticket data error from NKH to JBH
[3/20/2015, 10:01:03 PM] [main] ticket data error from NKH to JBH
[3/20/2015, 10:01:03 PM] [main] ticket data error from JGK to JBH
[3/20/2015, 10:01:03 PM] [main] ticket data error from DIP to JBH
[3/20/2015, 10:01:03 PM] [main] ticket data error from QAK to JBH
[3/20/2015, 10:01:03 PM] [main] ticket data error from TIP to JBH
[3/20/2015, 10:01:04 PM] [main] ticket data error from JGK to JBH
[3/20/2015, 10:01:04 PM] [main] ticket data error from NKH to JBH
[3/20/2015, 10:01:04 PM] [main] ticket data error from VNP to AOH
[3/20/2015, 10:01:04 PM] [main] ticket data error from VNP to AOH
[3/20/2015, 10:01:04 PM] [main] ticket data error from VNP to AOH
[3/20/2015, 10:01:04 PM] [main] ticket data error from VNP to LJP
[3/20/2015, 10:01:04 PM] [main] ticket data error from LJP to JBH
[3/20/2015, 10:01:04 PM] [main] ticket data error from VNP to AOH
[3/20/2015, 10:01:04 PM] [main] ticket data error from VNP to AOH
[3/20/2015, 10:01:04 PM] [main] ticket data error from VNP to AOH
[3/20/2015, 10:01:04 PM] [main] ticket data error from VNP to AOH
[3/20/2015, 10:01:04 PM] [main] ticket data error from JGK to JBH
[3/20/2015, 10:01:04 PM] [main] ticket data error from NKH to JBH
[3/20/2015, 10:01:04 PM] [main] ticket data error from QAK to JBH
[3/20/2015, 10:01:04 PM] [main] ticket data error from VNP to AOH
[3/20/2015, 10:01:04 PM] [main] ticket data error from VNP to AOH
[3/20/2015, 10:01:04 PM] [main] ticket data error from VNP to AOH
[3/20/2015, 10:01:04 PM] [main] ticket data error from VNP to AOH
[3/20/2015, 10:01:04 PM] [main] ticket data error from VNP to AOH
[3/20/2015, 10:01:04 PM] [main] ticket data error from VNP to AOH
[3/20/2015, 10:01:04 PM] [main] ticket data error from VNP to AOH
[3/20/2015, 10:01:04 PM] [main] ticket data error from VNP to AOH
[3/20/2015, 10:01:04 PM] [main] ticket data error from VNP to AOH
[3/20/2015, 10:01:05 PM] [main] ticket data error from VNP to QEH
[3/20/2015, 10:01:05 PM] [main] ticket data error from VNP to AOH
[3/20/2015, 10:01:05 PM] [main] ticket data error from VNP to AOH
[3/20/2015, 10:01:05 PM] [main] ticket data error from VNP to AOH
[3/20/2015, 10:01:05 PM] [main] ticket data error from VNP to AOH
[3/20/2015, 10:01:05 PM] [main] ticket data error from NKH to JBH
[3/20/2015, 10:01:05 PM] [main] ticket data error from VNP to AOH
[3/20/2015, 10:01:05 PM] [main] ticket data error from NKH to JBH
[3/20/2015, 10:01:05 PM] [main] ticket data error from VNP to AOH
[3/20/2015, 10:01:05 PM] [main] ticket data error from VNP to QEH
[3/20/2015, 10:01:05 PM] [main] ticket data error from VNP to SRG
[3/20/2015, 10:01:05 PM] [main] ticket data error from NKH to JBH
[3/20/2015, 10:01:05 PM] [main] ticket data error from NKH to JBH
[3/20/2015, 10:01:05 PM] [main] ticket data error from VNP to SRG
[3/20/2015, 10:01:05 PM] [main] ticket data error from VNP to SRG
[3/20/2015, 10:01:05 PM] [main] ticket data error from NKH to JBH
[3/20/2015, 10:01:05 PM] [main] ticket data error from NKH to JBH
[3/20/2015, 10:01:05 PM] [main] ticket data error from VNP to SRG
[3/20/2015, 10:01:05 PM] [main] ticket data error from NGH to JBH
[3/20/2015, 10:01:05 PM] [main] ticket data error from VNP to NGH
[3/20/2015, 10:01:05 PM] [main] ticket data error from VNP to NGH
[3/20/2015, 10:01:05 PM] [main] ticket data error from NGH to JBH
[3/20/2015, 10:01:05 PM] [main] ticket data error from VNP to NGH
[3/20/2015, 10:01:05 PM] [main] ticket data error from NGH to JBH
[3/20/2015, 10:01:05 PM] [main] ticket data error from VNP to ZJH
[3/20/2015, 10:01:05 PM] [main] ticket data error from ZJH to JBH
[3/20/2015, 10:01:05 PM] [main] ticket data error from VNP to WXH
[3/20/2015, 10:01:05 PM] [main] ticket data error from WXH to JBH
[3/20/2015, 10:01:06 PM] [main] ticket data error from NJH to JBH
[3/20/2015, 10:01:06 PM] [main] ticket data error from SZH to JBH
[3/20/2015, 10:01:06 PM] [main] ticket data error from VNP to SZH
[3/20/2015, 10:01:06 PM] [main] ticket data error from NJH to JBH
[3/20/2015, 10:01:06 PM] [main] ticket data error from JNK to JBH
[3/20/2015, 10:01:06 PM] [main] ticket data error from JNK to JBH
[3/20/2015, 10:01:06 PM] [main] ticket data error from JNK to JBH
[3/20/2015, 10:01:06 PM] [main] ticket data error from JNK to JBH
[3/20/2015, 10:01:06 PM] [main] ticket data error from ZBK to JBH
[3/20/2015, 10:01:06 PM] [main] ticket data error from ZBK to JBH
[3/20/2015, 10:02:54 PM] [main] ticket data error from NKH to JBH
[3/20/2015, 10:02:54 PM] [main] ticket data error from NKH to JBH
[3/20/2015, 10:02:54 PM] [main] ticket data error from VZH to JBH
[3/20/2015, 10:02:54 PM] [main] ticket data error from VNP to VZH
[3/20/2015, 10:02:54 PM] [main] ticket data error from NKH to JBH
[3/20/2015, 10:02:54 PM] [main] ticket data error from JGK to JBH
[3/20/2015, 10:02:54 PM] [main] ticket data error from NKH to JBH
[3/20/2015, 10:02:54 PM] [main] ticket data error from VNP to AOH
[3/20/2015, 10:02:54 PM] [main] ticket data error from DIP to JBH
[3/20/2015, 10:02:54 PM] [main] ticket data error from JGK to JBH
[3/20/2015, 10:02:54 PM] [main] ticket data error from NKH to JBH
[3/20/2015, 10:02:54 PM] [main] ticket data error from JGK to JBH
[3/20/2015, 10:02:54 PM] [main] ticket data error from NKH to JBH
[3/20/2015, 10:02:55 PM] [main] ticket data error from VNP to AOH
[3/20/2015, 10:02:55 PM] [main] ticket data error from NKH to JBH
[3/20/2015, 10:02:55 PM] [main] ticket data error from VNP to AOH
[3/20/2015, 10:02:55 PM] [main] ticket data error from DIP to JBH
[3/20/2015, 10:02:55 PM] [main] ticket data error from TIP to JBH
[3/20/2015, 10:02:55 PM] [main] ticket data error from JGK to JBH
[3/20/2015, 10:02:55 PM] [main] ticket data error from JGK to JBH
[3/20/2015, 10:02:55 PM] [main] ticket data error from VNP to AOH
[3/20/2015, 10:02:55 PM] [main] ticket data error from DIP to JBH
[3/20/2015, 10:02:55 PM] [main] ticket data error from VNP to LJP
[3/20/2015, 10:02:55 PM] [main] ticket data error from LJP to JBH
[3/20/2015, 10:02:55 PM] [main] ticket data error from NKH to JBH
[3/20/2015, 10:02:55 PM] [main] ticket data error from JGK to JBH
[3/20/2015, 10:02:55 PM] [main] ticket data error from CBP to JBH
[3/20/2015, 10:02:55 PM] [main] ticket data error from VNP to AOH
[3/20/2015, 10:02:55 PM] [main] ticket data error from VNP to AOH
[3/20/2015, 10:02:55 PM] [main] ticket data error from VNP to YUH
[3/20/2015, 10:02:55 PM] [main] ticket data error from YUH to JBH
[3/20/2015, 10:02:55 PM] [main] ticket data error from NKH to JBH
[3/20/2015, 10:02:55 PM] [main] ticket data error from NKH to JBH
[3/20/2015, 10:02:55 PM] [main] ticket data error from NKH to JBH
[3/20/2015, 10:02:55 PM] [main] ticket data error from JGK to JBH
[3/20/2015, 10:02:55 PM] [main] ticket data error from DIP to JBH
[3/20/2015, 10:02:55 PM] [main] ticket data error from QAK to JBH
[3/20/2015, 10:02:55 PM] [main] ticket data error from TIP to JBH
[3/20/2015, 10:02:56 PM] [main] ticket data error from JGK to JBH
[3/20/2015, 10:02:56 PM] [main] ticket data error from NKH to JBH
[3/20/2015, 10:02:56 PM] [main] ticket data error from VNP to AOH
[3/20/2015, 10:02:56 PM] [main] ticket data error from VNP to AOH
[3/20/2015, 10:02:56 PM] [main] ticket data error from VNP to AOH
[3/20/2015, 10:02:56 PM] [main] ticket data error from LJP to JBH
[3/20/2015, 10:02:56 PM] [main] ticket data error from VNP to LJP
[3/20/2015, 10:02:56 PM] [main] ticket data error from VNP to AOH
[3/20/2015, 10:02:56 PM] [main] ticket data error from VNP to AOH
[3/20/2015, 10:02:56 PM] [main] ticket data error from VNP to AOH
[3/20/2015, 10:02:56 PM] [main] ticket data error from VNP to AOH
[3/20/2015, 10:02:56 PM] [main] ticket data error from JGK to JBH
[3/20/2015, 10:02:56 PM] [main] ticket data error from NKH to JBH
[3/20/2015, 10:02:56 PM] [main] ticket data error from QAK to JBH
[3/20/2015, 10:02:56 PM] [main] ticket data error from VNP to AOH
[3/20/2015, 10:02:56 PM] [main] ticket data error from VNP to AOH
[3/20/2015, 10:02:56 PM] [main] ticket data error from VNP to AOH
[3/20/2015, 10:02:56 PM] [main] ticket data error from VNP to AOH
[3/20/2015, 10:02:56 PM] [main] ticket data error from VNP to AOH
[3/20/2015, 10:02:56 PM] [main] ticket data error from VNP to AOH
[3/20/2015, 10:02:56 PM] [main] ticket data error from VNP to AOH
[3/20/2015, 10:02:56 PM] [main] ticket data error from VNP to AOH
[3/20/2015, 10:02:56 PM] [main] ticket data error from VNP to AOH
[3/20/2015, 10:02:56 PM] [main] ticket data error from VNP to QEH
[3/20/2015, 10:02:56 PM] [main] ticket data error from VNP to AOH
[3/20/2015, 10:02:56 PM] [main] ticket data error from VNP to AOH
[3/20/2015, 10:02:57 PM] [main] ticket data error from VNP to AOH
[3/20/2015, 10:02:57 PM] [main] ticket data error from VNP to AOH
[3/20/2015, 10:02:57 PM] [main] ticket data error from NKH to JBH
[3/20/2015, 10:02:57 PM] [main] ticket data error from VNP to AOH
[3/20/2015, 10:02:57 PM] [main] ticket data error from NKH to JBH
[3/20/2015, 10:02:57 PM] [main] ticket data error from VNP to AOH
[3/20/2015, 10:02:57 PM] [main] ticket data error from VNP to QEH
[3/20/2015, 10:02:57 PM] [main] ticket data error from VNP to SRG
[3/20/2015, 10:02:57 PM] [main] ticket data error from NKH to JBH
[3/20/2015, 10:02:57 PM] [main] ticket data error from NKH to JBH
[3/20/2015, 10:02:57 PM] [main] ticket data error from VNP to SRG
[3/20/2015, 10:02:57 PM] [main] ticket data error from VNP to SRG
[3/20/2015, 10:02:57 PM] [main] ticket data error from NKH to JBH
[3/20/2015, 10:02:57 PM] [main] ticket data error from NKH to JBH
[3/20/2015, 10:02:57 PM] [main] ticket data error from VNP to SRG
[3/20/2015, 10:02:57 PM] [main] ticket data error from VNP to NGH
[3/20/2015, 10:02:57 PM] [main] ticket data error from NGH to JBH
[3/20/2015, 10:02:57 PM] [main] ticket data error from VNP to NGH
[3/20/2015, 10:02:57 PM] [main] ticket data error from NGH to JBH
[3/20/2015, 10:02:57 PM] [main] ticket data error from VNP to NGH
[3/20/2015, 10:02:58 PM] [main] ticket data error from NGH to JBH
[3/20/2015, 10:02:58 PM] [main] ticket data error from VNP to ZJH
[3/20/2015, 10:02:58 PM] [main] ticket data error from ZJH to JBH
[3/20/2015, 10:02:58 PM] [main] ticket data error from VNP to WXH
[3/20/2015, 10:02:58 PM] [main] ticket data error from WXH to JBH
[3/20/2015, 10:02:58 PM] [main] ticket data error from NJH to JBH
[3/20/2015, 10:02:58 PM] [main] ticket data error from VNP to SZH
[3/20/2015, 10:02:58 PM] [main] ticket data error from SZH to JBH
[3/20/2015, 10:02:58 PM] [main] ticket data error from NJH to JBH
[3/20/2015, 10:02:58 PM] [main] ticket data error from VNP to HFH
[3/20/2015, 10:02:58 PM] [main] ticket data error from VNP to HFH
[3/20/2015, 10:02:58 PM] [main] ticket data error from VNP to HFH
[3/20/2015, 10:02:58 PM] [main] ticket data error from JNK to JBH
[3/20/2015, 10:02:58 PM] [main] ticket data error from JNK to JBH
[3/20/2015, 10:02:58 PM] [main] ticket data error from JNK to JBH
[3/20/2015, 10:02:58 PM] [main] ticket data error from JNK to JBH
[3/20/2015, 10:02:58 PM] [main] ticket data error from ZBK to JBH
[3/20/2015, 10:02:59 PM] [main] ticket data error from ZBK to JBH
[3/20/2015, 10:08:04 PM] [main] ticket data error from NKH to JBH
[3/20/2015, 10:09:07 PM] [main] ticket data error from NKH to JBH
[3/20/2015, 10:12:09 PM] [main] ticket data error from NKH to JBH
[3/20/2015, 10:12:09 PM] [main] ticket data error from NKH to JBH
[3/20/2015, 10:12:09 PM] [main] ticket data error from VZH to JBH
[3/20/2015, 10:12:09 PM] [main] ticket data error from VNP to VZH
[3/20/2015, 10:12:09 PM] [main] ticket data error from NKH to JBH
[3/20/2015, 10:12:09 PM] [main] ticket data error from JGK to JBH
[3/20/2015, 10:12:09 PM] [main] ticket data error from NKH to JBH
[3/20/2015, 10:12:09 PM] [main] ticket data error from VNP to AOH
[3/20/2015, 10:12:10 PM] [main] ticket data error from DIP to JBH
[3/20/2015, 10:12:10 PM] [main] ticket data error from JGK to JBH
[3/20/2015, 10:12:10 PM] [main] ticket data error from NKH to JBH
[3/20/2015, 10:12:10 PM] [main] ticket data error from JGK to JBH
[3/20/2015, 10:12:10 PM] [main] ticket data error from NKH to JBH
[3/20/2015, 10:12:10 PM] [main] ticket data error from VNP to AOH
[3/20/2015, 10:12:10 PM] [main] ticket data error from NKH to JBH
[3/20/2015, 10:12:10 PM] [main] ticket data error from VNP to AOH
[3/20/2015, 10:12:10 PM] [main] ticket data error from DIP to JBH
[3/20/2015, 10:12:10 PM] [main] ticket data error from TIP to JBH
[3/20/2015, 10:12:10 PM] [main] ticket data error from JGK to JBH
[3/20/2015, 10:12:10 PM] [main] ticket data error from JGK to JBH
[3/20/2015, 10:12:10 PM] [main] ticket data error from VNP to AOH
[3/20/2015, 10:12:10 PM] [main] ticket data error from DIP to JBH
[3/20/2015, 10:12:10 PM] [main] ticket data error from LJP to JBH
[3/20/2015, 10:12:10 PM] [main] ticket data error from VNP to LJP
[3/20/2015, 10:12:10 PM] [main] ticket data error from NKH to JBH
[3/20/2015, 10:12:10 PM] [main] ticket data error from JGK to JBH
[3/20/2015, 10:12:10 PM] [main] ticket data error from CBP to JBH
[3/20/2015, 10:12:10 PM] [main] ticket data error from VNP to AOH
[3/20/2015, 10:12:10 PM] [main] ticket data error from VNP to AOH
[3/20/2015, 10:12:10 PM] [main] ticket data error from VNP to YUH
[3/20/2015, 10:12:10 PM] [main] ticket data error from YUH to JBH
[3/20/2015, 10:12:13 PM] [main] ticket data error from NKH to JBH
[3/20/2015, 10:12:13 PM] [main] ticket data error from NKH to JBH
[3/20/2015, 10:12:14 PM] [main] ticket data error from NKH to JBH
[3/20/2015, 10:12:14 PM] [main] ticket data error from JGK to JBH
[3/20/2015, 10:12:14 PM] [main] ticket data error from DIP to JBH
[3/20/2015, 10:12:14 PM] [main] ticket data error from QAK to JBH
[3/20/2015, 10:12:14 PM] [main] ticket data error from TIP to JBH
[3/20/2015, 10:12:14 PM] [main] ticket data error from JGK to JBH
[3/20/2015, 10:12:14 PM] [main] ticket data error from NKH to JBH
[3/20/2015, 10:12:14 PM] [main] ticket data error from VNP to AOH
[3/20/2015, 10:12:14 PM] [main] ticket data error from VNP to AOH
[3/20/2015, 10:12:14 PM] [main] ticket data error from VNP to AOH
[3/20/2015, 10:12:14 PM] [main] ticket data error from VNP to LJP
[3/20/2015, 10:12:14 PM] [main] ticket data error from LJP to JBH
[3/20/2015, 10:12:14 PM] [main] ticket data error from VNP to AOH
[3/20/2015, 10:12:14 PM] [main] ticket data error from VNP to AOH
[3/20/2015, 10:12:14 PM] [main] ticket data error from VNP to AOH
[3/20/2015, 10:12:15 PM] [main] ticket data error from VNP to AOH
[3/20/2015, 10:12:15 PM] [main] ticket data error from JGK to JBH
[3/20/2015, 10:12:15 PM] [main] ticket data error from NKH to JBH
[3/20/2015, 10:12:15 PM] [main] ticket data error from QAK to JBH
[3/20/2015, 10:12:15 PM] [main] ticket data error from VNP to AOH
[3/20/2015, 10:12:15 PM] [main] ticket data error from VNP to AOH
[3/20/2015, 10:12:15 PM] [main] ticket data error from VNP to AOH
[3/20/2015, 10:12:15 PM] [main] ticket data error from VNP to AOH
[3/20/2015, 10:12:15 PM] [main] ticket data error from VNP to AOH
[3/20/2015, 10:12:15 PM] [main] ticket data error from VNP to AOH
[3/20/2015, 10:12:15 PM] [main] ticket data error from VNP to AOH
[3/20/2015, 10:12:15 PM] [main] ticket data error from VNP to AOH
[3/20/2015, 10:12:15 PM] [main] ticket data error from VNP to AOH
[3/20/2015, 10:12:15 PM] [main] ticket data error from VNP to QEH
[3/20/2015, 10:12:15 PM] [main] ticket data error from VNP to AOH
[3/20/2015, 10:12:15 PM] [main] ticket data error from VNP to AOH
[3/20/2015, 10:12:15 PM] [main] ticket data error from VNP to AOH
[3/20/2015, 10:12:15 PM] [main] ticket data error from VNP to AOH
[3/20/2015, 10:12:15 PM] [main] ticket data error from NKH to JBH
[3/20/2015, 10:12:15 PM] [main] ticket data error from VNP to AOH
[3/20/2015, 10:12:15 PM] [main] ticket data error from NKH to JBH
[3/20/2015, 10:12:15 PM] [main] ticket data error from VNP to AOH
[3/20/2015, 10:12:16 PM] [main] ticket data error from VNP to QEH
[3/20/2015, 10:12:16 PM] [main] ticket data error from VNP to SRG
[3/20/2015, 10:12:16 PM] [main] ticket data error from NKH to JBH
[3/20/2015, 10:12:16 PM] [main] ticket data error from NKH to JBH
[3/20/2015, 10:12:16 PM] [main] ticket data error from VNP to SRG
[3/20/2015, 10:12:16 PM] [main] ticket data error from VNP to SRG
[3/20/2015, 10:12:16 PM] [main] ticket data error from NKH to JBH
[3/20/2015, 10:12:16 PM] [main] ticket data error from NKH to JBH
[3/20/2015, 10:12:16 PM] [main] ticket data error from VNP to SRG
[3/20/2015, 10:12:16 PM] [main] ticket data error from NGH to JBH
[3/20/2015, 10:12:16 PM] [main] ticket data error from VNP to NGH
[3/20/2015, 10:12:16 PM] [main] ticket data error from VNP to NGH
[3/20/2015, 10:12:16 PM] [main] ticket data error from NGH to JBH
[3/20/2015, 10:12:16 PM] [main] ticket data error from NGH to JBH
[3/20/2015, 10:12:16 PM] [main] ticket data error from VNP to NGH
[3/20/2015, 10:12:16 PM] [main] ticket data error from ZJH to JBH
[3/20/2015, 10:12:16 PM] [main] ticket data error from VNP to ZJH
[3/20/2015, 10:12:16 PM] [main] ticket data error from WXH to JBH
[3/20/2015, 10:12:16 PM] [main] ticket data error from VNP to WXH
[3/20/2015, 10:12:16 PM] [main] ticket data error from NJH to JBH
[3/20/2015, 10:12:16 PM] [main] ticket data error from VNP to SZH
[3/20/2015, 10:12:16 PM] [main] ticket data error from SZH to JBH
[3/20/2015, 10:12:16 PM] [main] ticket data error from NJH to JBH
[3/20/2015, 10:12:16 PM] [main] ticket data error from VNP to HFH
[3/20/2015, 10:12:16 PM] [main] ticket data error from VNP to HFH
[3/20/2015, 10:12:17 PM] [main] ticket data error from VNP to HFH
[3/20/2015, 10:12:17 PM] [main] ticket data error from JNK to JBH
[3/20/2015, 10:12:17 PM] [main] ticket data error from JNK to JBH
[3/20/2015, 10:12:17 PM] [main] ticket data error from JNK to JBH
[3/20/2015, 10:12:17 PM] [main] ticket data error from JNK to JBH
[3/20/2015, 10:12:17 PM] [main] ticket data error from ZBK to JBH
[3/20/2015, 10:12:17 PM] [main] ticket data error from ZBK to JBH
[3/20/2015, 10:14:04 PM] [main] ticket data error from NKH to JBH
[3/20/2015, 10:14:04 PM] [main] ticket data error from NKH to JBH
[3/20/2015, 10:14:04 PM] [main] ticket data error from VNP to VZH
[3/20/2015, 10:14:04 PM] [main] ticket data error from VZH to JBH
[3/20/2015, 10:14:05 PM] [main] ticket data error from NKH to JBH
[3/20/2015, 10:14:05 PM] [main] ticket data error from JGK to JBH
[3/20/2015, 10:14:05 PM] [main] ticket data error from NKH to JBH
[3/20/2015, 10:14:05 PM] [main] ticket data error from VNP to AOH
[3/20/2015, 10:14:06 PM] [main] ticket data error from DIP to JBH
[3/20/2015, 10:14:06 PM] [main] ticket data error from JGK to JBH
[3/20/2015, 10:14:06 PM] [main] ticket data error from NKH to JBH
[3/20/2015, 10:14:06 PM] [main] ticket data error from JGK to JBH
[3/20/2015, 10:14:06 PM] [main] ticket data error from NKH to JBH
[3/20/2015, 10:14:06 PM] [main] ticket data error from VNP to AOH
[3/20/2015, 10:14:06 PM] [main] ticket data error from NKH to JBH
[3/20/2015, 10:14:06 PM] [main] ticket data error from VNP to AOH
[3/20/2015, 10:14:06 PM] [main] ticket data error from DIP to JBH
[3/20/2015, 10:14:06 PM] [main] ticket data error from TIP to JBH
[3/20/2015, 10:14:06 PM] [main] ticket data error from JGK to JBH
[3/20/2015, 10:14:06 PM] [main] ticket data error from JGK to JBH
[3/20/2015, 10:14:06 PM] [main] ticket data error from VNP to AOH
[3/20/2015, 10:14:06 PM] [main] ticket data error from DIP to JBH
[3/20/2015, 10:14:06 PM] [main] ticket data error from LJP to JBH
[3/20/2015, 10:14:07 PM] [main] ticket data error from VNP to LJP
[3/20/2015, 10:14:07 PM] [main] ticket data error from NKH to JBH
[3/20/2015, 10:14:07 PM] [main] ticket data error from JGK to JBH
[3/20/2015, 10:14:07 PM] [main] ticket data error from CBP to JBH
[3/20/2015, 10:14:07 PM] [main] ticket data error from VNP to AOH
[3/20/2015, 10:14:07 PM] [main] ticket data error from VNP to AOH
[3/20/2015, 10:14:07 PM] [main] ticket data error from VNP to YUH
[3/20/2015, 10:14:07 PM] [main] ticket data error from YUH to JBH
[3/20/2015, 10:14:07 PM] [main] ticket data error from NKH to JBH
[3/20/2015, 10:14:07 PM] [main] ticket data error from NKH to JBH
[3/20/2015, 10:14:07 PM] [main] ticket data error from NKH to JBH
[3/20/2015, 10:14:07 PM] [main] ticket data error from JGK to JBH
[3/20/2015, 10:14:07 PM] [main] ticket data error from DIP to JBH
[3/20/2015, 10:14:07 PM] [main] ticket data error from QAK to JBH
[3/20/2015, 10:14:07 PM] [main] ticket data error from TIP to JBH
[3/20/2015, 10:14:07 PM] [main] ticket data error from JGK to JBH
[3/20/2015, 10:14:07 PM] [main] ticket data error from NKH to JBH
[3/20/2015, 10:14:07 PM] [main] ticket data error from VNP to AOH
[3/20/2015, 10:14:07 PM] [main] ticket data error from VNP to AOH
[3/20/2015, 10:14:07 PM] [main] ticket data error from VNP to AOH
[3/20/2015, 10:14:07 PM] [main] ticket data error from VNP to LJP
[3/20/2015, 10:14:07 PM] [main] ticket data error from LJP to JBH
[3/20/2015, 10:14:07 PM] [main] ticket data error from VNP to AOH
[3/20/2015, 10:14:07 PM] [main] ticket data error from VNP to AOH
[3/20/2015, 10:14:07 PM] [main] ticket data error from VNP to AOH
[3/20/2015, 10:14:07 PM] [main] ticket data error from VNP to AOH
[3/20/2015, 10:14:08 PM] [main] ticket data error from JGK to JBH
[3/20/2015, 10:14:08 PM] [main] ticket data error from NKH to JBH
[3/20/2015, 10:14:08 PM] [main] ticket data error from QAK to JBH
[3/20/2015, 10:14:08 PM] [main] ticket data error from VNP to AOH
[3/20/2015, 10:14:08 PM] [main] ticket data error from VNP to AOH
[3/20/2015, 10:14:08 PM] [main] ticket data error from VNP to AOH
[3/20/2015, 10:14:08 PM] [main] ticket data error from VNP to AOH
[3/20/2015, 10:14:08 PM] [main] ticket data error from VNP to AOH
[3/20/2015, 10:14:08 PM] [main] ticket data error from VNP to AOH
[3/20/2015, 10:14:08 PM] [main] ticket data error from VNP to AOH
[3/20/2015, 10:14:08 PM] [main] ticket data error from VNP to AOH
[3/20/2015, 10:14:08 PM] [main] ticket data error from VNP to AOH
[3/20/2015, 10:14:08 PM] [main] ticket data error from VNP to QEH
[3/20/2015, 10:14:08 PM] [main] ticket data error from VNP to AOH
[3/20/2015, 10:14:08 PM] [main] ticket data error from VNP to AOH
[3/20/2015, 10:14:08 PM] [main] ticket data error from VNP to AOH
[3/20/2015, 10:14:08 PM] [main] ticket data error from VNP to AOH
[3/20/2015, 10:14:08 PM] [main] ticket data error from NKH to JBH
[3/20/2015, 10:14:08 PM] [main] ticket data error from VNP to AOH
[3/20/2015, 10:14:08 PM] [main] ticket data error from NKH to JBH
[3/20/2015, 10:14:08 PM] [main] ticket data error from VNP to AOH
[3/20/2015, 10:14:08 PM] [main] ticket data error from VNP to QEH
[3/20/2015, 10:14:08 PM] [main] ticket data error from VNP to SRG
[3/20/2015, 10:14:08 PM] [main] ticket data error from NKH to JBH
[3/20/2015, 10:14:08 PM] [main] ticket data error from NKH to JBH
[3/20/2015, 10:14:08 PM] [main] ticket data error from VNP to SRG
[3/20/2015, 10:14:08 PM] [main] ticket data error from VNP to SRG
[3/20/2015, 10:14:09 PM] [main] ticket data error from NKH to JBH
[3/20/2015, 10:14:09 PM] [main] ticket data error from NKH to JBH
[3/20/2015, 10:14:09 PM] [main] ticket data error from VNP to SRG
[3/20/2015, 10:14:09 PM] [main] ticket data error from VNP to NGH
[3/20/2015, 10:14:09 PM] [main] ticket data error from NGH to JBH
[3/20/2015, 10:14:09 PM] [main] ticket data error from NGH to JBH
[3/20/2015, 10:14:09 PM] [main] ticket data error from VNP to NGH
[3/20/2015, 10:14:09 PM] [main] ticket data error from NGH to JBH
[3/20/2015, 10:14:09 PM] [main] ticket data error from VNP to NGH
[3/20/2015, 10:14:09 PM] [main] ticket data error from ZJH to JBH
[3/20/2015, 10:14:09 PM] [main] ticket data error from VNP to ZJH
[3/20/2015, 10:14:09 PM] [main] ticket data error from VNP to WXH
[3/20/2015, 10:14:09 PM] [main] ticket data error from WXH to JBH
[3/20/2015, 10:14:09 PM] [main] ticket data error from NJH to JBH
[3/20/2015, 10:14:09 PM] [main] ticket data error from SZH to JBH
[3/20/2015, 10:14:09 PM] [main] ticket data error from VNP to SZH
[3/20/2015, 10:14:09 PM] [main] ticket data error from NJH to JBH
[3/20/2015, 10:14:09 PM] [main] ticket data error from VNP to HFH
[3/20/2015, 10:14:09 PM] [main] ticket data error from VNP to HFH
[3/20/2015, 10:14:09 PM] [main] ticket data error from VNP to HFH
[3/20/2015, 10:14:09 PM] [main] ticket data error from JNK to JBH
[3/20/2015, 10:14:09 PM] [main] ticket data error from JNK to JBH
[3/20/2015, 10:14:09 PM] [main] ticket data error from JNK to JBH
[3/20/2015, 10:14:09 PM] [main] ticket data error from JNK to JBH
[3/20/2015, 10:14:09 PM] [main] ticket data error from ZBK to JBH
[3/20/2015, 10:14:09 PM] [main] ticket data error from ZBK to JBH
[3/20/2015, 10:15:00 PM] [main] ticket data error from NKH to JBH
[3/20/2015, 10:15:00 PM] [main] ticket data error from NKH to JBH
[3/20/2015, 10:15:01 PM] [main] ticket data error from VZH to JBH
[3/20/2015, 10:15:01 PM] [main] ticket data error from VNP to VZH
[3/20/2015, 10:15:01 PM] [main] ticket data error from NKH to JBH
[3/20/2015, 10:15:01 PM] [main] ticket data error from JGK to JBH
[3/20/2015, 10:15:01 PM] [main] ticket data error from NKH to JBH
[3/20/2015, 10:15:01 PM] [main] ticket data error from VNP to AOH
[3/20/2015, 10:15:03 PM] [main] ticket data error from DIP to JBH
[3/20/2015, 10:15:03 PM] [main] ticket data error from JGK to JBH
[3/20/2015, 10:15:03 PM] [main] ticket data error from NKH to JBH
[3/20/2015, 10:15:03 PM] [main] ticket data error from JGK to JBH
[3/20/2015, 10:15:03 PM] [main] ticket data error from NKH to JBH
[3/20/2015, 10:15:03 PM] [main] ticket data error from VNP to AOH
[3/20/2015, 10:15:03 PM] [main] ticket data error from NKH to JBH
[3/20/2015, 10:15:04 PM] [main] ticket data error from VNP to AOH
[3/20/2015, 10:15:04 PM] [main] ticket data error from DIP to JBH
[3/20/2015, 10:15:04 PM] [main] ticket data error from TIP to JBH
[3/20/2015, 10:15:04 PM] [main] ticket data error from JGK to JBH
[3/20/2015, 10:15:04 PM] [main] ticket data error from JGK to JBH
[3/20/2015, 10:15:04 PM] [main] ticket data error from VNP to AOH
[3/20/2015, 10:15:04 PM] [main] ticket data error from DIP to JBH
[3/20/2015, 10:15:04 PM] [main] ticket data error from LJP to JBH
[3/20/2015, 10:15:04 PM] [main] ticket data error from VNP to LJP
[3/20/2015, 10:15:04 PM] [main] ticket data error from NKH to JBH
[3/20/2015, 10:15:04 PM] [main] ticket data error from JGK to JBH
[3/20/2015, 10:15:04 PM] [main] ticket data error from CBP to JBH
[3/20/2015, 10:15:04 PM] [main] ticket data error from VNP to AOH
[3/20/2015, 10:15:04 PM] [main] ticket data error from VNP to AOH
[3/20/2015, 10:15:05 PM] [main] ticket data error from YUH to JBH
[3/20/2015, 10:15:05 PM] [main] ticket data error from VNP to YUH
[3/20/2015, 10:15:05 PM] [main] ticket data error from NKH to JBH
[3/20/2015, 10:15:05 PM] [main] ticket data error from NKH to JBH
[3/20/2015, 10:15:05 PM] [main] ticket data error from NKH to JBH
[3/20/2015, 10:15:05 PM] [main] ticket data error from JGK to JBH
[3/20/2015, 10:15:05 PM] [main] ticket data error from DIP to JBH
[3/20/2015, 10:15:05 PM] [main] ticket data error from QAK to JBH
[3/20/2015, 10:15:05 PM] [main] ticket data error from TIP to JBH
[3/20/2015, 10:15:05 PM] [main] ticket data error from JGK to JBH
[3/20/2015, 10:15:05 PM] [main] ticket data error from NKH to JBH
[3/20/2015, 10:15:06 PM] [main] ticket data error from VNP to AOH
[3/20/2015, 10:15:06 PM] [main] ticket data error from VNP to AOH
[3/20/2015, 10:15:06 PM] [main] ticket data error from VNP to AOH
[3/20/2015, 10:15:06 PM] [main] ticket data error from LJP to JBH
[3/20/2015, 10:15:06 PM] [main] ticket data error from VNP to LJP
[3/20/2015, 10:15:06 PM] [main] ticket data error from VNP to AOH
[3/20/2015, 10:15:06 PM] [main] ticket data error from VNP to AOH
[3/20/2015, 10:15:06 PM] [main] ticket data error from VNP to AOH
[3/20/2015, 10:15:06 PM] [main] ticket data error from VNP to AOH
[3/20/2015, 10:15:06 PM] [main] ticket data error from JGK to JBH
[3/20/2015, 10:15:06 PM] [main] ticket data error from NKH to JBH
[3/20/2015, 10:15:06 PM] [main] ticket data error from QAK to JBH
[3/20/2015, 10:15:06 PM] [main] ticket data error from VNP to AOH
[3/20/2015, 10:15:06 PM] [main] ticket data error from VNP to AOH
[3/20/2015, 10:15:06 PM] [main] ticket data error from VNP to AOH
[3/20/2015, 10:15:07 PM] [main] ticket data error from VNP to AOH
[3/20/2015, 10:15:07 PM] [main] ticket data error from VNP to AOH
[3/20/2015, 10:15:07 PM] [main] ticket data error from VNP to AOH
[3/20/2015, 10:15:07 PM] [main] ticket data error from VNP to AOH
[3/20/2015, 10:15:07 PM] [main] ticket data error from VNP to AOH
[3/20/2015, 10:15:07 PM] [main] ticket data error from VNP to AOH
[3/20/2015, 10:15:07 PM] [main] ticket data error from VNP to QEH
[3/20/2015, 10:15:07 PM] [main] ticket data error from VNP to AOH
[3/20/2015, 10:15:07 PM] [main] ticket data error from VNP to AOH
[3/20/2015, 10:15:07 PM] [main] ticket data error from VNP to AOH
[3/20/2015, 10:15:07 PM] [main] ticket data error from VNP to AOH
[3/20/2015, 10:15:07 PM] [main] ticket data error from NKH to JBH
[3/20/2015, 10:15:07 PM] [main] ticket data error from VNP to AOH
[3/20/2015, 10:15:07 PM] [main] ticket data error from NKH to JBH
[3/20/2015, 10:15:07 PM] [main] ticket data error from VNP to AOH
[3/20/2015, 10:15:07 PM] [main] ticket data error from VNP to QEH
[3/20/2015, 10:15:07 PM] [main] ticket data error from VNP to SRG
[3/20/2015, 10:15:07 PM] [main] ticket data error from NKH to JBH
[3/20/2015, 10:15:07 PM] [main] ticket data error from NKH to JBH
[3/20/2015, 10:15:07 PM] [main] ticket data error from VNP to SRG
[3/20/2015, 10:15:07 PM] [main] ticket data error from VNP to SRG
[3/20/2015, 10:15:08 PM] [main] ticket data error from NKH to JBH
[3/20/2015, 10:15:08 PM] [main] ticket data error from NKH to JBH
[3/20/2015, 10:15:08 PM] [main] ticket data error from VNP to SRG
[3/20/2015, 10:15:08 PM] [main] ticket data error from VNP to NGH
[3/20/2015, 10:15:08 PM] [main] ticket data error from NGH to JBH
[3/20/2015, 10:15:08 PM] [main] ticket data error from NGH to JBH
[3/20/2015, 10:15:08 PM] [main] ticket data error from VNP to NGH
[3/20/2015, 10:15:08 PM] [main] ticket data error from VNP to NGH
[3/20/2015, 10:15:08 PM] [main] ticket data error from NGH to JBH
[3/20/2015, 10:15:08 PM] [main] ticket data error from ZJH to JBH
[3/20/2015, 10:15:08 PM] [main] ticket data error from VNP to ZJH
[3/20/2015, 10:15:08 PM] [main] ticket data error from VNP to WXH
[3/20/2015, 10:15:08 PM] [main] ticket data error from WXH to JBH
[3/20/2015, 10:15:08 PM] [main] ticket data error from NJH to JBH
[3/20/2015, 10:15:08 PM] [main] ticket data error from VNP to SZH
[3/20/2015, 10:15:08 PM] [main] ticket data error from SZH to JBH
[3/20/2015, 10:15:08 PM] [main] ticket data error from NJH to JBH
[3/20/2015, 10:15:08 PM] [main] ticket data error from VNP to HFH
[3/20/2015, 10:15:08 PM] [main] ticket data error from VNP to HFH
[3/20/2015, 10:15:08 PM] [main] ticket data error from VNP to HFH
[3/20/2015, 10:15:08 PM] [main] ticket data error from JNK to JBH
[3/20/2015, 10:15:08 PM] [main] ticket data error from JNK to JBH
[3/20/2015, 10:15:08 PM] [main] ticket data error from JNK to JBH
[3/20/2015, 10:15:09 PM] [main] ticket data error from JNK to JBH
[3/20/2015, 10:15:09 PM] [main] ticket data error from ZBK to JBH
[3/20/2015, 10:15:09 PM] [main] ticket data error from ZBK to JBH
[3/24/2015, 10:49:58 AM] [main] no ticket data from AOH to KXT
[3/24/2015, 10:50:23 AM] [main] no ticket data from AOH to FBT
[3/24/2015, 10:58:14 AM] [main] no ticket data from AOH to KXT
[3/24/2015, 10:58:14 AM] [main] received data: {"validateMessagesShowId":"_validatorMessage","status":true,"httpstatus":200,"data":{"message":"没有符合条件的数据！","flag":false},"messages":[],"validateMessages":{}}
[3/24/2015, 10:58:39 AM] [main] no ticket data from AOH to FBT
[3/24/2015, 10:58:39 AM] [main] received data: {"validateMessagesShowId":"_validatorMessage","status":true,"httpstatus":200,"data":{"message":"没有符合条件的数据！","flag":false},"messages":[],"validateMessages":{}}
